# JRE version: Java(TM) SE Runtime Environment (8.0_92-b14) (build 1.8.0_92-b14)
# Java VM: Java HotSpot(TM) 64-Bit Server VM (25.92-b14 mixed mode bsd-amd64 compressed oops)
Heap:
 garbage-first heap   total 262144K, used 158767K [0x0000000780000000, 0x0000000780100800, 0x00000007c0000000)
  region size 1024K, 79 young (80896K), 5 survivors (5120K)
 Metaspace       used 111614K, capacity 121868K, committed 121940K, reserved 1155072K
  class space    used 13425K, capacity 16442K, committed 16468K, reserved 1048576K
GC Heap History (10 events):
Event: 13673.865 GC heap before
{Heap before GC invocations=84 (full 0):
 garbage-first heap   total 262144K, used 229887K [0x0000000780000000, 0x0000000780100800, 0x00000007c0000000)
  region size 1024K, 148 young (151552K), 5 survivors (5120K)
 Metaspace       used 111447K, capacity 121548K, committed 121684K, reserved 1155072K
  class space    used 13425K, capacity 16442K, committed 16468K, reserved 1048576K
Event: 13673.883 GC heap after
Heap after GC invocations=85 (full 0):
 garbage-first heap   total 262144K, used 83967K [0x0000000780000000, 0x0000000780100800, 0x00000007c0000000)
  region size 1024K, 5 young (5120K), 5 survivors (5120K)
 Metaspace       used 111447K, capacity 121548K, committed 121684K, reserved 1155072K
  class space    used 13425K, capacity 16442K, committed 16468K, reserved 1048576K
}
Event: 13844.325 GC heap before
{Heap before GC invocations=85 (full 0):
 garbage-first heap   total 262144K, used 230399K [0x0000000780000000, 0x0000000780100800, 0x00000007c0000000)
  region size 1024K, 148 young (151552K), 5 survivors (5120K)
 Metaspace       used 111478K, capacity 121676K, committed 121940K, reserved 1155072K
  class space    used 13425K, capacity 16442K, committed 16468K, reserved 1048576K
Event: 13844.372 GC heap after
Heap after GC invocations=86 (full 0):
 garbage-first heap   total 262144K, used 83967K [0x0000000780000000, 0x0000000780100800, 0x00000007c0000000)
  region size 1024K, 5 young (5120K), 5 survivors (5120K)
 Metaspace       used 111478K, capacity 121676K, committed 121940K, reserved 1155072K
  class space    used 13425K, capacity 16442K, committed 16468K, reserved 1048576K
}
Event: 13912.150 GC heap before
{Heap before GC invocations=86 (full 0):
 garbage-first heap   total 262144K, used 230399K [0x0000000780000000, 0x0000000780100800, 0x00000007c0000000)
  region size 1024K, 148 young (151552K), 5 survivors (5120K)
 Metaspace       used 111514K, capacity 121740K, committed 121940K, reserved 1155072K
  class space    used 13425K, capacity 16442K, committed 16468K, reserved 1048576K
Event: 13912.171 GC heap after
Heap after GC invocations=87 (full 0):
 garbage-first heap   total 262144K, used 83375K [0x0000000780000000, 0x0000000780100800, 0x00000007c0000000)
  region size 1024K, 4 young (4096K), 4 survivors (4096K)
 Metaspace       used 111514K, capacity 121740K, committed 121940K, reserved 1155072K
  class space    used 13425K, capacity 16442K, committed 16468K, reserved 1048576K
}
Event: 14083.688 GC heap before
{Heap before GC invocations=87 (full 0):
 garbage-first heap   total 262144K, used 230831K [0x0000000780000000, 0x0000000780100800, 0x00000007c0000000)
  region size 1024K, 148 young (151552K), 4 survivors (4096K)
 Metaspace       used 111533K, capacity 121740K, committed 121940K, reserved 1155072K
  class space    used 13425K, capacity 16442K, committed 16468K, reserved 1048576K
Event: 14083.702 GC heap after
Heap after GC invocations=88 (full 0):
 garbage-first heap   total 262144K, used 83963K [0x0000000780000000, 0x0000000780100800, 0x00000007c0000000)
  region size 1024K, 5 young (5120K), 5 survivors (5120K)
 Metaspace       used 111533K, capacity 121740K, committed 121940K, reserved 1155072K
  class space    used 13425K, capacity 16442K, committed 16468K, reserved 1048576K
}
Event: 14145.716 GC heap before
{Heap before GC invocations=88 (full 0):
 garbage-first heap   total 262144K, used 229371K [0x0000000780000000, 0x0000000780100800, 0x00000007c0000000)
  region size 1024K, 147 young (150528K), 5 survivors (5120K)
 Metaspace       used 111586K, capacity 121804K, committed 121940K, reserved 1155072K
  class space    used 13425K, capacity 16442K, committed 16468K, reserved 1048576K
Event: 14145.731 GC heap after
Heap after GC invocations=89 (full 0):
 garbage-first heap   total 262144K, used 84015K [0x0000000780000000, 0x0000000780100800, 0x00000007c0000000)
  region size 1024K, 5 young (5120K), 5 survivors (5120K)
 Metaspace       used 111586K, capacity 121804K, committed 121940K, reserved 1155072K
  class space    used 13425K, capacity 16442K, committed 16468K, reserved 1048576K
}

