# JRE version: Java(TM) SE Runtime Environment (8.0_92-b14) (build 1.8.0_92-b14)
# Java VM: Java HotSpot(TM) 64-Bit Server VM (25.92-b14 mixed mode bsd-amd64 compressed oops)
Heap:
 garbage-first heap   total 262144K, used 135385K [0x0000000780000000, 0x0000000780100800, 0x00000007c0000000)
  region size 1024K, 25 young (25600K), 3 survivors (3072K)
 Metaspace       used 107657K, capacity 117472K, committed 117876K, reserved 1150976K
  class space    used 12902K, capacity 15855K, committed 15988K, reserved 1048576K
GC Heap History (10 events):
Event: 6790.066 GC heap before
{Heap before GC invocations=88 (full 0):
 garbage-first heap   total 262144K, used 230243K [0x0000000780000000, 0x0000000780100800, 0x00000007c0000000)
  region size 1024K, 118 young (120832K), 4 survivors (4096K)
 Metaspace       used 107549K, capacity 117280K, committed 117620K, reserved 1150976K
  class space    used 12902K, capacity 15855K, committed 15988K, reserved 1048576K
Event: 6790.082 GC heap after
Heap after GC invocations=89 (full 0):
 garbage-first heap   total 262144K, used 113732K [0x0000000780000000, 0x0000000780100800, 0x00000007c0000000)
  region size 1024K, 4 young (4096K), 4 survivors (4096K)
 Metaspace       used 107549K, capacity 117280K, committed 117620K, reserved 1150976K
  class space    used 12902K, capacity 15855K, committed 15988K, reserved 1048576K
}
Event: 6797.432 GC heap before
{Heap before GC invocations=89 (full 0):
 garbage-first heap   total 262144K, used 230468K [0x0000000780000000, 0x0000000780100800, 0x00000007c0000000)
  region size 1024K, 118 young (120832K), 4 survivors (4096K)
 Metaspace       used 107562K, capacity 117280K, committed 117620K, reserved 1150976K
  class space    used 12902K, capacity 15855K, committed 15988K, reserved 1048576K
Event: 6797.444 GC heap after
Heap after GC invocations=90 (full 0):
 garbage-first heap   total 262144K, used 113647K [0x0000000780000000, 0x0000000780100800, 0x00000007c0000000)
  region size 1024K, 4 young (4096K), 4 survivors (4096K)
 Metaspace       used 107562K, capacity 117280K, committed 117620K, reserved 1150976K
  class space    used 12902K, capacity 15855K, committed 15988K, reserved 1048576K
}
Event: 6851.222 GC heap before
{Heap before GC invocations=90 (full 0):
 garbage-first heap   total 262144K, used 230383K [0x0000000780000000, 0x0000000780100800, 0x00000007c0000000)
  region size 1024K, 118 young (120832K), 4 survivors (4096K)
 Metaspace       used 107589K, capacity 117280K, committed 117620K, reserved 1150976K
  class space    used 12902K, capacity 15855K, committed 15988K, reserved 1048576K
Event: 6851.253 GC heap after
Heap after GC invocations=91 (full 0):
 garbage-first heap   total 262144K, used 114359K [0x0000000780000000, 0x0000000780100800, 0x00000007c0000000)
  region size 1024K, 4 young (4096K), 4 survivors (4096K)
 Metaspace       used 107589K, capacity 117280K, committed 117620K, reserved 1150976K
  class space    used 12902K, capacity 15855K, committed 15988K, reserved 1048576K
}
Event: 6872.673 GC heap before
{Heap before GC invocations=91 (full 0):
 garbage-first heap   total 262144K, used 231095K [0x0000000780000000, 0x0000000780100800, 0x00000007c0000000)
  region size 1024K, 118 young (120832K), 4 survivors (4096K)
 Metaspace       used 107615K, capacity 117280K, committed 117620K, reserved 1150976K
  class space    used 12902K, capacity 15855K, committed 15988K, reserved 1048576K
Event: 6872.686 GC heap after
Heap after GC invocations=92 (full 0):
 garbage-first heap   total 262144K, used 113363K [0x0000000780000000, 0x0000000780100800, 0x00000007c0000000)
  region size 1024K, 3 young (3072K), 3 survivors (3072K)
 Metaspace       used 107615K, capacity 117280K, committed 117620K, reserved 1150976K
  class space    used 12902K, capacity 15855K, committed 15988K, reserved 1048576K
}
Event: 6881.208 GC heap before
{Heap before GC invocations=92 (full 0):
 garbage-first heap   total 262144K, used 232147K [0x0000000780000000, 0x0000000780100800, 0x00000007c0000000)
  region size 1024K, 119 young (121856K), 3 survivors (3072K)
 Metaspace       used 107652K, capacity 117408K, committed 117876K, reserved 1150976K
  class space    used 12902K, capacity 15855K, committed 15988K, reserved 1048576K
Event: 6881.220 GC heap after
Heap after GC invocations=93 (full 0):
 garbage-first heap   total 262144K, used 113881K [0x0000000780000000, 0x0000000780100800, 0x00000007c0000000)
  region size 1024K, 3 young (3072K), 3 survivors (3072K)
 Metaspace       used 107652K, capacity 117408K, committed 117876K, reserved 1150976K
  class space    used 12902K, capacity 15855K, committed 15988K, reserved 1048576K
}

